[2024-12-23 01:03:17] No command specified
[2024-12-23 01:03:17] Available commands:
[2024-12-23 01:03:35] No command specified
[2024-12-23 01:03:35] Available commands:
[2024-12-23 01:03:36] No command specified
[2024-12-23 01:03:36] Available commands:
[2024-12-23 01:06:00] No command specified
[2024-12-23 01:06:00] Available commands:
[2024-12-23 01:06:28] No command specified
[2024-12-23 01:06:28] Available commands:
[2024-12-23 01:06:28] Listed command: install_docker
[2024-12-23 01:30:08] Executing command: install_docker (script: ./new_server/utils/install_docker_cmd.sh)
[2024-12-23 01:30:20] Command install_docker completed successfully
[2024-12-23 01:32:25] Executing command: install_docker (script: ./new_server/utils/install_docker_cmd.sh)
[2024-12-23 01:32:27] Command install_docker failed with exit code 1
[2024-12-23 01:33:20] Executing command: install_docker (script: ./new_server/utils/install_docker_cmd.sh)
[2024-12-23 01:33:21] Command install_docker failed with exit code 1
[2024-12-23 01:34:27] Executing command: install_docker (script: ./new_server/utils/install_docker_cmd.sh)
[2024-12-23 01:34:35] Command install_docker failed with exit code 1
[2024-12-23 01:38:29] Executing command: install_docker (script: ./new_server/utils/install_docker_cmd.sh)
[2024-12-23 01:38:31] Command install_docker failed with exit code 1
[2024-12-23 01:52:36] No command specified
[2024-12-23 01:52:36] Available commands:
[2024-12-23 01:52:36] Listed command: [.] install_docker
[2024-12-23 01:52:41] Executing command: install_docker (script: ./new_server/utils/install_docker_cmd.sh)
[2024-12-23 01:52:42] Command install_docker failed with exit code 1
[2024-12-23 01:52:51] Executing command: install_docker (script: ./new_server/utils/install_docker_cmd.sh)
[2024-12-23 01:52:54] Command install_docker failed with exit code 2
[2024-12-23 01:53:56] Executing command: install_docker (script: ./new_server/utils/install_docker_cmd.sh)
[2024-12-23 01:54:40] Command install_docker failed with exit code 1
[2024-12-23 01:56:21] Executing command: install_docker (script: ./new_server/utils/install_docker_cmd.sh)
[2024-12-23 01:56:22] Command install_docker failed with exit code 1
[2024-12-23 01:56:31] Executing command: install_docker (script: ./new_server/utils/install_docker_cmd.sh)
[2024-12-23 01:56:38] Command install_docker failed with exit code 1
[2024-12-23 01:57:06] Executing command: install_docker (script: ./new_server/utils/install_docker_cmd.sh)
[2024-12-23 01:57:13] Command install_docker failed with exit code 1
[2024-12-23 02:00:45] Executing command: install_docker (script: ./new_server/utils/install_docker_cmd.sh)
[2024-12-23 02:01:53] Command install_docker failed with exit code 1
[2024-12-23 02:07:11] Executing command: install_docker (script: ./new_server/utils/install_docker_cmd.sh)
[2024-12-23 02:07:18] Command install_docker failed with exit code 1
[2024-12-23 02:24:11] Executing command: install_docker (script: ./new_server/utils/install_docker_cmd.sh)
[2024-12-23 02:25:14] Command install_docker failed with exit code 2
[2024-12-23 02:25:15] Executing command: install_docker (script: ./new_server/utils/install_docker_cmd.sh)
[2024-12-23 02:25:25] Command install_docker failed with exit code 1
